<?xml version="1.0" encoding="UTF-8"?>
<!-- Generated by org.testng.reporters.JUnitReportReporter -->
<testsuite skipped="0" hostname="CKAMMARA-IN" name="MavenPackageTest.MyMVNTestNGEx" tests="1" failures="0" timestamp="14 Mar 2019 20:15:16 GMT" time="8.226" errors="0">
  <testcase name="f" time="8.226" classname="MavenPackageTest.MyMVNTestNGEx"/>
</testsuite> <!-- MavenPackageTest.MyMVNTestNGEx -->
